---------- Date: 2018-10-03 04:38:29 ~ IP : 27.255.165.10 ----------
REQUEST URI : /
MOD DETAILS:
   modFile   : /var/www/vhosts/hifiprofile.co.uk/httpdocs/vqmod/xml/vqmod_homepage.xml
   id        : My Vq Mod Title
   version   : 1.4.x and 1.5.x
   vqmver    : 1.0.8
   author    : You the author
VQModObject::parseMods - Could not resolve path for [view/template/customer/customer_form.twig] (SKIPPED)

----------------------------------------------------------------------


---------- Date: 2018-10-03 05:06:33 ~ IP : 27.255.165.10 ----------
REQUEST URI : /index.php?route=account/register
MOD DETAILS:
   modFile   : /var/www/vhosts/hifiprofile.co.uk/httpdocs/vqmod/xml/vqmod_homepage.xml
   id        : My Vq Mod Title
   version   : 1.4.x and 1.5.x
   vqmver    : 1.0.8
   author    : You the author
VQModObject::parseMods - Could not resolve path for [view/template/customer/customer_form.twig] (SKIPPED)

----------------------------------------------------------------------


---------- Date: 2018-10-03 09:41:32 ~ IP : 122.173.158.174 ----------
REQUEST URI : /index.php?route=account/register
MOD DETAILS:
   modFile   : /var/www/vhosts/hifiprofile.co.uk/httpdocs/vqmod/xml/vqmod_homepage.xml
   id        : My Vq Mod Title
   version   : 1.4.x and 1.5.x
   vqmver    : 1.0.8
   author    : You the author
VQModObject::parseMods - Could not resolve path for [view/template/customer/customer_form.twig] (SKIPPED)

----------------------------------------------------------------------


---------- Date: 2018-10-03 09:42:11 ~ IP : 122.173.158.174 ----------
REQUEST URI : /index.php?route=account/register
MOD DETAILS:
   modFile   : /var/www/vhosts/hifiprofile.co.uk/httpdocs/vqmod/xml/vqmod_homepage.xml
   id        : My Vq Mod Title
   version   : 1.4.x and 1.5.x
   vqmver    : 1.0.8
   author    : You the author
VQModObject::parseMods - Could not resolve path for [view/template/customer/customer_form.twig] (SKIPPED)

----------------------------------------------------------------------


---------- Date: 2018-10-03 09:42:58 ~ IP : 122.173.158.174 ----------
REQUEST URI : /index.php?route=account/register
MOD DETAILS:
   modFile   : /var/www/vhosts/hifiprofile.co.uk/httpdocs/vqmod/xml/vqmod_homepage.xml
   id        : My Vq Mod Title
   version   : 1.4.x and 1.5.x
   vqmver    : 1.0.8
   author    : You the author
VQModObject::parseMods - Could not resolve path for [view/template/customer/customer_form.twig] (SKIPPED)

----------------------------------------------------------------------


---------- Date: 2018-10-03 10:28:01 ~ IP : 171.61.217.54 ----------
REQUEST URI : /index.php?route=account/register
MOD DETAILS:
   modFile   : /var/www/vhosts/hifiprofile.co.uk/httpdocs/vqmod/xml/vqmod_homepage.xml
   id        : My Vq Mod Title
   version   : 1.4.x and 1.5.x
   vqmver    : 1.0.8
   author    : You the author
VQModObject::parseMods - Could not resolve path for [view/template/customer/customer_form.twig] (SKIPPED)

----------------------------------------------------------------------


---------- Date: 2018-10-03 10:30:44 ~ IP : 171.61.217.54 ----------
REQUEST URI : /admin/index.php?route=customer/custom_field/edit&user_token=o5aaBzcaGBAnhCDc2HStkuJkxBma352j&custom_field_id=3
MOD DETAILS:
   modFile   : /var/www/vhosts/hifiprofile.co.uk/httpdocs/vqmod/xml/vqmod_homepage.xml
   id        : My Vq Mod Title
   version   : 1.4.x and 1.5.x
   vqmver    : 1.0.8
   author    : You the author
VQModObject::parseMods - Could not resolve path for [view/template/customer/customer_form.twig] (SKIPPED)

----------------------------------------------------------------------


---------- Date: 2018-10-03 10:35:54 ~ IP : 171.61.217.54 ----------
REQUEST URI : /
MOD DETAILS:
   modFile   : /var/www/vhosts/hifiprofile.co.uk/httpdocs/vqmod/xml/vqmod_homepage.xml
   id        : My Vq Mod Title
   version   : 1.4.x and 1.5.x
   vqmver    : 1.0.8
   author    : You the author
VQModObject::parseMods - Could not resolve path for [view/template/customer/customer_form.twig] (SKIPPED)

----------------------------------------------------------------------


---------- Date: 2018-10-03 11:28:46 ~ IP : 171.61.217.54 ----------
REQUEST URI : /index.php?route=checkout/checkout
MOD DETAILS:
   modFile   : /var/www/vhosts/hifiprofile.co.uk/httpdocs/vqmod/xml/vqmod_homepage.xml
   id        : My Vq Mod Title
   version   : 1.4.x and 1.5.x
   vqmver    : 1.0.8
   author    : You the author
VQModObject::parseMods - Could not resolve path for [view/template/customer/customer_form.twig] (SKIPPED)

----------------------------------------------------------------------


---------- Date: 2018-10-03 11:46:03 ~ IP : 171.61.217.54 ----------
REQUEST URI : /admin/index.php?route=customer/custom_field&user_token=o5aaBzcaGBAnhCDc2HStkuJkxBma352j
MOD DETAILS:
   modFile   : /var/www/vhosts/hifiprofile.co.uk/httpdocs/vqmod/xml/vqmod_homepage.xml
   id        : My Vq Mod Title
   version   : 1.4.x and 1.5.x
   vqmver    : 1.0.8
   author    : You the author
VQModObject::parseMods - Could not resolve path for [view/template/customer/customer_form.twig] (SKIPPED)

----------------------------------------------------------------------


---------- Date: 2018-10-03 11:55:31 ~ IP : 171.61.217.54 ----------
REQUEST URI : /index.php?route=product/product&product_id=69
MOD DETAILS:
   modFile   : /var/www/vhosts/hifiprofile.co.uk/httpdocs/vqmod/xml/vqmod_homepage.xml
   id        : My Vq Mod Title
   version   : 1.4.x and 1.5.x
   vqmver    : 1.0.8
   author    : You the author
VQModObject::parseMods - Could not resolve path for [view/template/customer/customer_form.twig] (SKIPPED)

----------------------------------------------------------------------


---------- Date: 2018-10-03 12:27:58 ~ IP : 79.170.44.63 ----------
REQUEST URI : /
MOD DETAILS:
   modFile   : /var/www/vhosts/hifiprofile.co.uk/httpdocs/vqmod/xml/vqmod_homepage.xml
   id        : My Vq Mod Title
   version   : 1.4.x and 1.5.x
   vqmver    : 1.0.8
   author    : You the author
VQModObject::parseMods - Could not resolve path for [view/template/customer/customer_form.twig] (SKIPPED)

----------------------------------------------------------------------


