---------- Date: 2018-09-07 04:19:57 ~ IP : 122.173.222.188 ----------
REQUEST URI : /
VQMod::_getMods - NO XML FILES READABLE IN XML FOLDER
----------------------------------------------------------------------


---------- Date: 2018-09-07 04:19:58 ~ IP : 122.173.222.188 ----------
REQUEST URI : /index.php?route=journal2/assets/js
VQMod::_getMods - NO XML FILES READABLE IN XML FOLDER
----------------------------------------------------------------------


---------- Date: 2018-09-07 04:19:59 ~ IP : 122.173.222.188 ----------
REQUEST URI : /index.php?route=journal2/assets/css
VQMod::_getMods - NO XML FILES READABLE IN XML FOLDER
----------------------------------------------------------------------


---------- Date: 2018-09-07 04:33:00 ~ IP : 122.173.222.188 ----------
REQUEST URI : /admin/
VQMod::_getMods - NO XML FILES READABLE IN XML FOLDER
----------------------------------------------------------------------


---------- Date: 2018-09-07 04:33:04 ~ IP : 122.173.222.188 ----------
REQUEST URI : /admin/index.php?route=common/login
VQMod::_getMods - NO XML FILES READABLE IN XML FOLDER
----------------------------------------------------------------------


---------- Date: 2018-09-07 04:33:04 ~ IP : 122.173.222.188 ----------
REQUEST URI : /admin/index.php?route=common/dashboard&user_token=vwB7nzd4pKhk4VKmhqNSSAYIPVW7ouoo
VQMod::_getMods - NO XML FILES READABLE IN XML FOLDER
----------------------------------------------------------------------


---------- Date: 2018-09-07 04:33:05 ~ IP : 122.173.222.188 ----------
REQUEST URI : /admin/index.php?route=extension/dashboard/chart/chart&user_token=vwB7nzd4pKhk4VKmhqNSSAYIPVW7ouoo&range=month
VQMod::_getMods - NO XML FILES READABLE IN XML FOLDER
----------------------------------------------------------------------


---------- Date: 2018-09-07 04:33:05 ~ IP : 122.173.222.188 ----------
REQUEST URI : /admin/index.php?route=extension/dashboard/map/map&user_token=vwB7nzd4pKhk4VKmhqNSSAYIPVW7ouoo
VQMod::_getMods - NO XML FILES READABLE IN XML FOLDER
----------------------------------------------------------------------


---------- Date: 2018-09-07 04:33:11 ~ IP : 122.173.222.188 ----------
REQUEST URI : /admin/index.php?route=catalog/product&user_token=vwB7nzd4pKhk4VKmhqNSSAYIPVW7ouoo
VQMod::_getMods - NO XML FILES READABLE IN XML FOLDER
----------------------------------------------------------------------


---------- Date: 2018-09-07 04:33:51 ~ IP : 122.173.222.188 ----------
REQUEST URI : /index.php?route=journal2/search&search=IPH5+HANDSFREE+LEOPARD+PRINTED
VQMod::_getMods - NO XML FILES READABLE IN XML FOLDER
----------------------------------------------------------------------


---------- Date: 2018-09-07 04:33:53 ~ IP : 122.173.222.188 ----------
REQUEST URI : /index.php?route=journal2/search&search=IPH5+HANDSFREE+LEOPARD+PRINTED
VQMod::_getMods - NO XML FILES READABLE IN XML FOLDER
----------------------------------------------------------------------


---------- Date: 2018-09-07 04:33:56 ~ IP : 122.173.222.188 ----------
REQUEST URI : /index.php?route=product/search&search=%20IPH5%20HANDSFREE%20LEOPARD%20PRINTED&description=true
VQMod::_getMods - NO XML FILES READABLE IN XML FOLDER
----------------------------------------------------------------------


---------- Date: 2018-09-07 04:33:56 ~ IP : 122.173.222.188 ----------
REQUEST URI : /index.php?route=journal2/assets/css
VQMod::_getMods - NO XML FILES READABLE IN XML FOLDER
----------------------------------------------------------------------


---------- Date: 2018-09-07 04:33:57 ~ IP : 122.173.222.188 ----------
REQUEST URI : /index.php?route=journal2/assets/js
VQMod::_getMods - NO XML FILES READABLE IN XML FOLDER
----------------------------------------------------------------------


---------- Date: 2018-09-07 04:33:57 ~ IP : 122.173.222.188 ----------
REQUEST URI : /index.php?route=journal2/search&search=IPH5+HANDSFREE+LEOPARD+PRINTED
VQMod::_getMods - NO XML FILES READABLE IN XML FOLDER
----------------------------------------------------------------------


---------- Date: 2018-09-07 04:34:12 ~ IP : 122.173.222.188 ----------
REQUEST URI : /admin/index.php?route=catalog/product/autocomplete&user_token=vwB7nzd4pKhk4VKmhqNSSAYIPVW7ouoo&filter_name=
VQMod::_getMods - NO XML FILES READABLE IN XML FOLDER
----------------------------------------------------------------------


---------- Date: 2018-09-07 04:34:12 ~ IP : 122.173.222.188 ----------
REQUEST URI : /admin/index.php?route=catalog/product/autocomplete&user_token=vwB7nzd4pKhk4VKmhqNSSAYIPVW7ouoo&filter_name=
VQMod::_getMods - NO XML FILES READABLE IN XML FOLDER
----------------------------------------------------------------------


---------- Date: 2018-09-07 04:34:13 ~ IP : 122.173.222.188 ----------
REQUEST URI : /admin/index.php?route=catalog/product/autocomplete&user_token=vwB7nzd4pKhk4VKmhqNSSAYIPVW7ouoo&filter_name=%20%09IPH5%20HANDSFREE%20LEOPARD%20PRINTED%20
VQMod::_getMods - NO XML FILES READABLE IN XML FOLDER
----------------------------------------------------------------------


---------- Date: 2018-09-07 04:34:13 ~ IP : 122.173.222.188 ----------
REQUEST URI : /admin/index.php?route=catalog/product/autocomplete&user_token=vwB7nzd4pKhk4VKmhqNSSAYIPVW7ouoo&filter_name=%20%09IPH5%20HANDSFREE%20LEOPARD%20PRINTED%20
VQMod::_getMods - NO XML FILES READABLE IN XML FOLDER
----------------------------------------------------------------------


---------- Date: 2018-09-07 04:34:14 ~ IP : 122.173.222.188 ----------
REQUEST URI : /admin/index.php?route=catalog/product/autocomplete&user_token=vwB7nzd4pKhk4VKmhqNSSAYIPVW7ouoo&filter_name=%20%09IPH5%20HANDSFREE%20LEOPARD%20PRINTED%20
VQMod::_getMods - NO XML FILES READABLE IN XML FOLDER
----------------------------------------------------------------------


---------- Date: 2018-09-07 04:34:15 ~ IP : 122.173.222.188 ----------
REQUEST URI : /admin/index.php?route=catalog/product/autocomplete&user_token=vwB7nzd4pKhk4VKmhqNSSAYIPVW7ouoo&filter_name=%20%09IPH5%20HANDSFREE%20LEOPARD%20PRINTED%20
VQMod::_getMods - NO XML FILES READABLE IN XML FOLDER
----------------------------------------------------------------------


---------- Date: 2018-09-07 04:34:16 ~ IP : 122.173.222.188 ----------
REQUEST URI : /admin/index.php?route=catalog/product/autocomplete&user_token=vwB7nzd4pKhk4VKmhqNSSAYIPVW7ouoo&filter_name=IPH5%20HANDSFREE%20LEOPARD%20PRINTED%20
VQMod::_getMods - NO XML FILES READABLE IN XML FOLDER
----------------------------------------------------------------------


---------- Date: 2018-09-07 04:34:17 ~ IP : 122.173.222.188 ----------
REQUEST URI : /admin/index.php?route=catalog/product&user_token=vwB7nzd4pKhk4VKmhqNSSAYIPVW7ouoo&filter_name=IPH5%20HANDSFREE%20LEOPARD%20PRINTED%20
VQMod::_getMods - NO XML FILES READABLE IN XML FOLDER
----------------------------------------------------------------------


---------- Date: 2018-09-07 04:34:19 ~ IP : 122.173.222.188 ----------
REQUEST URI : /admin/index.php?route=catalog/product/autocomplete&user_token=vwB7nzd4pKhk4VKmhqNSSAYIPVW7ouoo&filter_name=IPH5%20HANDSFREE%20LEOPARD%20PRINTED%20
VQMod::_getMods - NO XML FILES READABLE IN XML FOLDER
----------------------------------------------------------------------


---------- Date: 2018-09-07 04:34:20 ~ IP : 122.173.222.188 ----------
REQUEST URI : /admin/index.php?route=catalog/product/autocomplete&user_token=vwB7nzd4pKhk4VKmhqNSSAYIPVW7ouoo&filter_name=IPH5%20HANDSFREE%20LEOPARD%20PRINTED%20
VQMod::_getMods - NO XML FILES READABLE IN XML FOLDER
----------------------------------------------------------------------


---------- Date: 2018-09-07 04:34:21 ~ IP : 122.173.222.188 ----------
REQUEST URI : /admin/index.php?route=catalog/product/autocomplete&user_token=vwB7nzd4pKhk4VKmhqNSSAYIPVW7ouoo&filter_name=IPH5%20HANDSFREE%20LEOPARD%20PRINTED%20
VQMod::_getMods - NO XML FILES READABLE IN XML FOLDER
----------------------------------------------------------------------


---------- Date: 2018-09-07 04:34:21 ~ IP : 122.173.222.188 ----------
REQUEST URI : /admin/index.php?route=catalog/product/autocomplete&user_token=vwB7nzd4pKhk4VKmhqNSSAYIPVW7ouoo&filter_name=IPH5%20HANDSFREE%20LEOPARD%20PRINTED%20
VQMod::_getMods - NO XML FILES READABLE IN XML FOLDER
----------------------------------------------------------------------


---------- Date: 2018-09-07 04:34:22 ~ IP : 122.173.222.188 ----------
REQUEST URI : /admin/index.php?route=catalog/product/autocomplete&user_token=vwB7nzd4pKhk4VKmhqNSSAYIPVW7ouoo&filter_name=IPH5%20HANDSFREE%20LEOPARD%20PRINTED
VQMod::_getMods - NO XML FILES READABLE IN XML FOLDER
----------------------------------------------------------------------


---------- Date: 2018-09-07 04:34:24 ~ IP : 122.173.222.188 ----------
REQUEST URI : /admin/index.php?route=catalog/product&user_token=vwB7nzd4pKhk4VKmhqNSSAYIPVW7ouoo&filter_name=IPH5%20HANDSFREE%20LEOPARD%20PRINTED
VQMod::_getMods - NO XML FILES READABLE IN XML FOLDER
----------------------------------------------------------------------


---------- Date: 2018-09-07 04:34:26 ~ IP : 122.173.222.188 ----------
REQUEST URI : /admin/index.php?route=catalog/product/edit&user_token=vwB7nzd4pKhk4VKmhqNSSAYIPVW7ouoo&product_id=4&filter_name=IPH5+HANDSFREE+LEOPARD+PRINTED
VQMod::_getMods - NO XML FILES READABLE IN XML FOLDER
----------------------------------------------------------------------


---------- Date: 2018-09-07 04:34:38 ~ IP : 122.173.222.188 ----------
REQUEST URI : /index.php?route=account/login
VQMod::_getMods - NO XML FILES READABLE IN XML FOLDER
----------------------------------------------------------------------


---------- Date: 2018-09-07 04:34:38 ~ IP : 122.173.222.188 ----------
REQUEST URI : /index.php?route=journal2/assets/css
VQMod::_getMods - NO XML FILES READABLE IN XML FOLDER
----------------------------------------------------------------------


---------- Date: 2018-09-07 04:34:39 ~ IP : 122.173.222.188 ----------
REQUEST URI : /index.php?route=journal2/assets/js
VQMod::_getMods - NO XML FILES READABLE IN XML FOLDER
----------------------------------------------------------------------


---------- Date: 2018-09-07 04:34:43 ~ IP : 122.173.222.188 ----------
REQUEST URI : /index.php?route=account/login
VQMod::_getMods - NO XML FILES READABLE IN XML FOLDER
----------------------------------------------------------------------


---------- Date: 2018-09-07 04:34:44 ~ IP : 122.173.222.188 ----------
REQUEST URI : /index.php?route=account/account
VQMod::_getMods - NO XML FILES READABLE IN XML FOLDER
----------------------------------------------------------------------


---------- Date: 2018-09-07 04:34:45 ~ IP : 122.173.222.188 ----------
REQUEST URI : /index.php?route=journal2/assets/css
VQMod::_getMods - NO XML FILES READABLE IN XML FOLDER
----------------------------------------------------------------------


---------- Date: 2018-09-07 04:34:45 ~ IP : 122.173.222.188 ----------
REQUEST URI : /index.php?route=journal2/assets/js
VQMod::_getMods - NO XML FILES READABLE IN XML FOLDER
----------------------------------------------------------------------


---------- Date: 2018-09-07 04:34:50 ~ IP : 122.173.222.188 ----------
REQUEST URI : /index.php?route=journal2/search&search=IPH5+HANDSFREE+LEOPARD+PRINTED
VQMod::_getMods - NO XML FILES READABLE IN XML FOLDER
----------------------------------------------------------------------


---------- Date: 2018-09-07 04:34:53 ~ IP : 122.173.222.188 ----------
REQUEST URI : /index.php?route=journal2/search&search=IPH5+HANDSFREE+LEOPARD+PRINTED
VQMod::_getMods - NO XML FILES READABLE IN XML FOLDER
----------------------------------------------------------------------


---------- Date: 2018-09-07 04:34:54 ~ IP : 122.173.222.188 ----------
REQUEST URI : /index.php?route=product/search&search=IPH5%20HANDSFREE%20LEOPARD%20PRINTED&description=true
VQMod::_getMods - NO XML FILES READABLE IN XML FOLDER
----------------------------------------------------------------------


---------- Date: 2018-09-07 04:34:55 ~ IP : 122.173.222.188 ----------
REQUEST URI : /index.php?route=journal2/assets/css
VQMod::_getMods - NO XML FILES READABLE IN XML FOLDER
----------------------------------------------------------------------


---------- Date: 2018-09-07 04:34:55 ~ IP : 122.173.222.188 ----------
REQUEST URI : /index.php?route=journal2/assets/js
VQMod::_getMods - NO XML FILES READABLE IN XML FOLDER
----------------------------------------------------------------------


---------- Date: 2018-09-07 04:35:00 ~ IP : 122.173.222.188 ----------
REQUEST URI : /index.php?route=checkout/cart/add
VQMod::_getMods - NO XML FILES READABLE IN XML FOLDER
----------------------------------------------------------------------


---------- Date: 2018-09-07 04:35:02 ~ IP : 122.173.222.188 ----------
REQUEST URI : /index.php?route=common/cart/info
VQMod::_getMods - NO XML FILES READABLE IN XML FOLDER
----------------------------------------------------------------------


---------- Date: 2018-09-07 04:35:04 ~ IP : 122.173.222.188 ----------
REQUEST URI : /index.php?route=checkout/checkout
VQMod::_getMods - NO XML FILES READABLE IN XML FOLDER
----------------------------------------------------------------------


---------- Date: 2018-09-07 04:35:04 ~ IP : 122.173.222.188 ----------
REQUEST URI : /index.php?route=journal2/assets/css
VQMod::_getMods - NO XML FILES READABLE IN XML FOLDER
----------------------------------------------------------------------


---------- Date: 2018-09-07 04:35:04 ~ IP : 122.173.222.188 ----------
REQUEST URI : /index.php?route=journal2/assets/js
VQMod::_getMods - NO XML FILES READABLE IN XML FOLDER
----------------------------------------------------------------------


---------- Date: 2018-09-07 04:35:06 ~ IP : 122.173.222.188 ----------
REQUEST URI : /index.php?route=checkout/checkout/country&country_id=258
VQMod::_getMods - NO XML FILES READABLE IN XML FOLDER
----------------------------------------------------------------------


---------- Date: 2018-09-07 04:35:06 ~ IP : 122.173.222.188 ----------
REQUEST URI : /index.php?route=checkout/checkout/country&country_id=258
VQMod::_getMods - NO XML FILES READABLE IN XML FOLDER
----------------------------------------------------------------------


---------- Date: 2018-09-07 04:35:07 ~ IP : 122.173.222.188 ----------
REQUEST URI : /index.php?route=journal2/checkout/save
VQMod::_getMods - NO XML FILES READABLE IN XML FOLDER
----------------------------------------------------------------------


---------- Date: 2018-09-07 04:35:07 ~ IP : 122.173.222.188 ----------
REQUEST URI : /index.php?route=journal2/checkout/save
VQMod::_getMods - NO XML FILES READABLE IN XML FOLDER
----------------------------------------------------------------------


---------- Date: 2018-09-07 04:35:09 ~ IP : 122.173.222.188 ----------
REQUEST URI : /index.php?route=journal2/checkout/shipping&_=1536294905123
VQMod::_getMods - NO XML FILES READABLE IN XML FOLDER
----------------------------------------------------------------------


---------- Date: 2018-09-07 04:35:09 ~ IP : 122.173.222.188 ----------
REQUEST URI : /index.php?route=journal2/checkout/payment&_=1536294905124
VQMod::_getMods - NO XML FILES READABLE IN XML FOLDER
----------------------------------------------------------------------


---------- Date: 2018-09-07 04:35:10 ~ IP : 122.173.222.188 ----------
REQUEST URI : /index.php?route=journal2/checkout/cart&_=1536294905125
VQMod::_getMods - NO XML FILES READABLE IN XML FOLDER
----------------------------------------------------------------------


---------- Date: 2018-09-07 04:35:11 ~ IP : 122.173.222.188 ----------
REQUEST URI : /index.php?route=journal2/checkout/cart&_=1536294905126
VQMod::_getMods - NO XML FILES READABLE IN XML FOLDER
----------------------------------------------------------------------


---------- Date: 2018-09-07 04:35:16 ~ IP : 122.173.222.188 ----------
REQUEST URI : /index.php?route=journal2/checkout/cart_update
VQMod::_getMods - NO XML FILES READABLE IN XML FOLDER
----------------------------------------------------------------------


---------- Date: 2018-09-07 04:35:18 ~ IP : 122.173.222.188 ----------
REQUEST URI : /index.php?route=common/cart/info
VQMod::_getMods - NO XML FILES READABLE IN XML FOLDER
----------------------------------------------------------------------


---------- Date: 2018-09-07 04:35:18 ~ IP : 122.173.222.188 ----------
REQUEST URI : /index.php?route=journal2/checkout/shipping&_=1536294905128
VQMod::_getMods - NO XML FILES READABLE IN XML FOLDER
----------------------------------------------------------------------


---------- Date: 2018-09-07 04:35:18 ~ IP : 122.173.222.188 ----------
REQUEST URI : /index.php?route=journal2/checkout/payment&_=1536294905127
VQMod::_getMods - NO XML FILES READABLE IN XML FOLDER
----------------------------------------------------------------------


---------- Date: 2018-09-07 04:35:19 ~ IP : 122.173.222.188 ----------
REQUEST URI : /index.php?route=journal2/checkout/cart&_=1536294905129
VQMod::_getMods - NO XML FILES READABLE IN XML FOLDER
----------------------------------------------------------------------


---------- Date: 2018-09-07 04:35:19 ~ IP : 122.173.222.188 ----------
REQUEST URI : /index.php?route=journal2/checkout/cart&_=1536294905130
VQMod::_getMods - NO XML FILES READABLE IN XML FOLDER
----------------------------------------------------------------------


---------- Date: 2018-09-07 04:35:28 ~ IP : 122.173.222.188 ----------
REQUEST URI : /index.php?route=checkout/cart/remove
VQMod::_getMods - NO XML FILES READABLE IN XML FOLDER
----------------------------------------------------------------------


---------- Date: 2018-09-07 04:35:30 ~ IP : 122.173.222.188 ----------
REQUEST URI : /index.php?route=checkout/cart
VQMod::_getMods - NO XML FILES READABLE IN XML FOLDER
----------------------------------------------------------------------


---------- Date: 2018-09-07 04:35:31 ~ IP : 122.173.222.188 ----------
REQUEST URI : /index.php?route=journal2/assets/css
VQMod::_getMods - NO XML FILES READABLE IN XML FOLDER
----------------------------------------------------------------------


---------- Date: 2018-09-07 04:35:31 ~ IP : 122.173.222.188 ----------
REQUEST URI : /index.php?route=journal2/assets/js
VQMod::_getMods - NO XML FILES READABLE IN XML FOLDER
----------------------------------------------------------------------


---------- Date: 2018-09-07 04:35:33 ~ IP : 122.173.222.188 ----------
REQUEST URI : /index.php?route=account/logout
VQMod::_getMods - NO XML FILES READABLE IN XML FOLDER
----------------------------------------------------------------------


---------- Date: 2018-09-07 04:35:34 ~ IP : 122.173.222.188 ----------
REQUEST URI : /index.php?route=account/logout
VQMod::_getMods - NO XML FILES READABLE IN XML FOLDER
----------------------------------------------------------------------


---------- Date: 2018-09-07 04:35:35 ~ IP : 122.173.222.188 ----------
REQUEST URI : /index.php?route=journal2/assets/css
VQMod::_getMods - NO XML FILES READABLE IN XML FOLDER
----------------------------------------------------------------------


---------- Date: 2018-09-07 04:35:35 ~ IP : 122.173.222.188 ----------
REQUEST URI : /index.php?route=journal2/assets/js
VQMod::_getMods - NO XML FILES READABLE IN XML FOLDER
----------------------------------------------------------------------


---------- Date: 2018-09-07 04:35:38 ~ IP : 122.173.222.188 ----------
REQUEST URI : /index.php?route=journal2/search&search=IPH5+HANDSFREE+LEOPARD+PRINTED
VQMod::_getMods - NO XML FILES READABLE IN XML FOLDER
----------------------------------------------------------------------


---------- Date: 2018-09-07 04:35:41 ~ IP : 122.173.222.188 ----------
REQUEST URI : /index.php?route=journal2/search&search=IPH5+HANDSFREE+LEOPARD+PRINTED
VQMod::_getMods - NO XML FILES READABLE IN XML FOLDER
----------------------------------------------------------------------


---------- Date: 2018-09-07 04:35:42 ~ IP : 122.173.222.188 ----------
REQUEST URI : /index.php?route=product/search&search=IPH5%20HANDSFREE%20LEOPARD%20PRINTED&description=true
VQMod::_getMods - NO XML FILES READABLE IN XML FOLDER
----------------------------------------------------------------------


---------- Date: 2018-09-07 04:35:42 ~ IP : 122.173.222.188 ----------
REQUEST URI : /index.php?route=journal2/assets/css
VQMod::_getMods - NO XML FILES READABLE IN XML FOLDER
----------------------------------------------------------------------


---------- Date: 2018-09-07 04:35:43 ~ IP : 122.173.222.188 ----------
REQUEST URI : /index.php?route=journal2/assets/js
VQMod::_getMods - NO XML FILES READABLE IN XML FOLDER
----------------------------------------------------------------------


---------- Date: 2018-09-07 04:35:47 ~ IP : 122.173.222.188 ----------
REQUEST URI : /index.php?route=checkout/cart/add
VQMod::_getMods - NO XML FILES READABLE IN XML FOLDER
----------------------------------------------------------------------


---------- Date: 2018-09-07 04:35:48 ~ IP : 122.173.222.188 ----------
REQUEST URI : /index.php?route=common/cart/info
VQMod::_getMods - NO XML FILES READABLE IN XML FOLDER
----------------------------------------------------------------------


---------- Date: 2018-09-07 04:35:50 ~ IP : 122.173.222.188 ----------
REQUEST URI : /index.php?route=checkout/checkout
VQMod::_getMods - NO XML FILES READABLE IN XML FOLDER
----------------------------------------------------------------------


---------- Date: 2018-09-07 04:35:50 ~ IP : 122.173.222.188 ----------
REQUEST URI : /index.php?route=journal2/assets/css
VQMod::_getMods - NO XML FILES READABLE IN XML FOLDER
----------------------------------------------------------------------


---------- Date: 2018-09-07 04:35:50 ~ IP : 122.173.222.188 ----------
REQUEST URI : /index.php?route=journal2/assets/js
VQMod::_getMods - NO XML FILES READABLE IN XML FOLDER
----------------------------------------------------------------------


---------- Date: 2018-09-07 04:35:52 ~ IP : 122.173.222.188 ----------
REQUEST URI : /index.php?route=checkout/checkout/country&country_id=222
VQMod::_getMods - NO XML FILES READABLE IN XML FOLDER
----------------------------------------------------------------------


---------- Date: 2018-09-07 04:35:53 ~ IP : 122.173.222.188 ----------
REQUEST URI : /index.php?route=checkout/checkout/country&country_id=222
VQMod::_getMods - NO XML FILES READABLE IN XML FOLDER
----------------------------------------------------------------------


---------- Date: 2018-09-07 04:35:53 ~ IP : 122.173.222.188 ----------
REQUEST URI : /index.php?route=journal2/checkout/cart&_=1536294951221
VQMod::_getMods - NO XML FILES READABLE IN XML FOLDER
----------------------------------------------------------------------


---------- Date: 2018-09-07 04:38:10 ~ IP : 122.173.222.188 ----------
REQUEST URI : /admin/index.php?route=catalog/product/edit&user_token=vwB7nzd4pKhk4VKmhqNSSAYIPVW7ouoo&product_id=4&filter_name=IPH5+HANDSFREE+LEOPARD+PRINTED
VQMod::_getMods - NO XML FILES READABLE IN XML FOLDER
----------------------------------------------------------------------


---------- Date: 2018-09-07 08:57:30 ~ IP : 141.8.142.28 ----------
REQUEST URI : /index.php?route=product/product&path=25&product_id=4090
VQMod::_getMods - NO XML FILES READABLE IN XML FOLDER
----------------------------------------------------------------------


---------- Date: 2018-09-07 11:40:31 ~ IP : 171.61.197.235 ----------
REQUEST URI : /
VQMod::_getMods - NO XML FILES READABLE IN XML FOLDER
----------------------------------------------------------------------


---------- Date: 2018-09-07 11:40:32 ~ IP : 171.61.197.235 ----------
REQUEST URI : /index.php?route=journal2/assets/js
VQMod::_getMods - NO XML FILES READABLE IN XML FOLDER
----------------------------------------------------------------------


---------- Date: 2018-09-07 11:40:33 ~ IP : 171.61.197.235 ----------
REQUEST URI : /index.php?route=journal2/assets/css
VQMod::_getMods - NO XML FILES READABLE IN XML FOLDER
----------------------------------------------------------------------


---------- Date: 2018-09-07 11:40:54 ~ IP : 171.61.197.235 ----------
REQUEST URI : /admin/
VQMod::_getMods - NO XML FILES READABLE IN XML FOLDER
----------------------------------------------------------------------


---------- Date: 2018-09-07 11:40:57 ~ IP : 171.61.197.235 ----------
REQUEST URI : /admin/index.php?route=common/login
VQMod::_getMods - NO XML FILES READABLE IN XML FOLDER
----------------------------------------------------------------------


---------- Date: 2018-09-07 11:40:57 ~ IP : 171.61.197.235 ----------
REQUEST URI : /admin/index.php?route=common/dashboard&user_token=3k0lD8MpTUgpLi4h5hANGYrNTv0cu3OL
VQMod::_getMods - NO XML FILES READABLE IN XML FOLDER
----------------------------------------------------------------------


---------- Date: 2018-09-07 11:40:58 ~ IP : 171.61.197.235 ----------
REQUEST URI : /admin/index.php?route=extension/dashboard/chart/chart&user_token=3k0lD8MpTUgpLi4h5hANGYrNTv0cu3OL&range=month
VQMod::_getMods - NO XML FILES READABLE IN XML FOLDER
----------------------------------------------------------------------


---------- Date: 2018-09-07 11:40:59 ~ IP : 171.61.197.235 ----------
REQUEST URI : /admin/index.php?route=extension/dashboard/map/map&user_token=3k0lD8MpTUgpLi4h5hANGYrNTv0cu3OL
VQMod::_getMods - NO XML FILES READABLE IN XML FOLDER
----------------------------------------------------------------------


---------- Date: 2018-09-07 11:41:05 ~ IP : 171.61.197.235 ----------
REQUEST URI : /admin/index.php?route=catalog/product&user_token=3k0lD8MpTUgpLi4h5hANGYrNTv0cu3OL
VQMod::_getMods - NO XML FILES READABLE IN XML FOLDER
----------------------------------------------------------------------


---------- Date: 2018-09-07 11:42:55 ~ IP : 171.61.197.235 ----------
REQUEST URI : /index.php?route=account/login
VQMod::_getMods - NO XML FILES READABLE IN XML FOLDER
----------------------------------------------------------------------


---------- Date: 2018-09-07 11:42:56 ~ IP : 171.61.197.235 ----------
REQUEST URI : /index.php?route=journal2/assets/css
VQMod::_getMods - NO XML FILES READABLE IN XML FOLDER
----------------------------------------------------------------------


---------- Date: 2018-09-07 11:42:57 ~ IP : 171.61.197.235 ----------
REQUEST URI : /index.php?route=journal2/assets/js
VQMod::_getMods - NO XML FILES READABLE IN XML FOLDER
----------------------------------------------------------------------


---------- Date: 2018-09-07 11:43:01 ~ IP : 171.61.197.235 ----------
REQUEST URI : /index.php?route=account/login
VQMod::_getMods - NO XML FILES READABLE IN XML FOLDER
----------------------------------------------------------------------


---------- Date: 2018-09-07 11:43:03 ~ IP : 171.61.197.235 ----------
REQUEST URI : /index.php?route=account/account
VQMod::_getMods - NO XML FILES READABLE IN XML FOLDER
----------------------------------------------------------------------


---------- Date: 2018-09-07 11:43:03 ~ IP : 171.61.197.235 ----------
REQUEST URI : /index.php?route=journal2/assets/css
VQMod::_getMods - NO XML FILES READABLE IN XML FOLDER
----------------------------------------------------------------------


---------- Date: 2018-09-07 11:43:04 ~ IP : 171.61.197.235 ----------
REQUEST URI : /index.php?route=journal2/assets/js
VQMod::_getMods - NO XML FILES READABLE IN XML FOLDER
----------------------------------------------------------------------


---------- Date: 2018-09-07 11:43:09 ~ IP : 171.61.197.235 ----------
REQUEST URI : /
VQMod::_getMods - NO XML FILES READABLE IN XML FOLDER
----------------------------------------------------------------------


---------- Date: 2018-09-07 11:43:10 ~ IP : 171.61.197.235 ----------
REQUEST URI : /index.php?route=journal2/assets/css
VQMod::_getMods - NO XML FILES READABLE IN XML FOLDER
----------------------------------------------------------------------


---------- Date: 2018-09-07 11:43:11 ~ IP : 171.61.197.235 ----------
REQUEST URI : /index.php?route=journal2/assets/js
VQMod::_getMods - NO XML FILES READABLE IN XML FOLDER
----------------------------------------------------------------------


---------- Date: 2018-09-07 11:44:14 ~ IP : 171.61.197.235 ----------
REQUEST URI : /index.php?route=product/product&product_id=10470
VQMod::_getMods - NO XML FILES READABLE IN XML FOLDER
----------------------------------------------------------------------


---------- Date: 2018-09-07 11:44:14 ~ IP : 171.61.197.235 ----------
REQUEST URI : /index.php?route=journal2/assets/css
VQMod::_getMods - NO XML FILES READABLE IN XML FOLDER
----------------------------------------------------------------------


---------- Date: 2018-09-07 11:44:14 ~ IP : 171.61.197.235 ----------
REQUEST URI : /index.php?route=journal2/assets/js
VQMod::_getMods - NO XML FILES READABLE IN XML FOLDER
----------------------------------------------------------------------


---------- Date: 2018-09-07 11:44:16 ~ IP : 171.61.197.235 ----------
REQUEST URI : /index.php?route=product/product/review&product_id=10470
VQMod::_getMods - NO XML FILES READABLE IN XML FOLDER
----------------------------------------------------------------------


---------- Date: 2018-09-07 11:44:18 ~ IP : 171.61.197.235 ----------
REQUEST URI : /index.php?route=checkout/cart/add
VQMod::_getMods - NO XML FILES READABLE IN XML FOLDER
----------------------------------------------------------------------


---------- Date: 2018-09-07 11:44:20 ~ IP : 171.61.197.235 ----------
REQUEST URI : /index.php?route=common/cart/info
VQMod::_getMods - NO XML FILES READABLE IN XML FOLDER
----------------------------------------------------------------------


---------- Date: 2018-09-07 11:44:21 ~ IP : 171.61.197.235 ----------
REQUEST URI : /index.php?route=checkout/checkout
VQMod::_getMods - NO XML FILES READABLE IN XML FOLDER
----------------------------------------------------------------------


---------- Date: 2018-09-07 11:44:23 ~ IP : 171.61.197.235 ----------
REQUEST URI : /index.php?route=checkout/cart
VQMod::_getMods - NO XML FILES READABLE IN XML FOLDER
----------------------------------------------------------------------


---------- Date: 2018-09-07 11:44:23 ~ IP : 171.61.197.235 ----------
REQUEST URI : /index.php?route=journal2/assets/css
VQMod::_getMods - NO XML FILES READABLE IN XML FOLDER
----------------------------------------------------------------------


---------- Date: 2018-09-07 11:44:25 ~ IP : 171.61.197.235 ----------
REQUEST URI : /index.php?route=journal2/assets/js
VQMod::_getMods - NO XML FILES READABLE IN XML FOLDER
----------------------------------------------------------------------


---------- Date: 2018-09-07 11:44:25 ~ IP : 171.61.197.235 ----------
REQUEST URI : /index.php?route=extension/total/shipping/country&country_id=258
VQMod::_getMods - NO XML FILES READABLE IN XML FOLDER
----------------------------------------------------------------------


---------- Date: 2018-09-07 11:47:12 ~ IP : 171.61.197.235 ----------
REQUEST URI : /index.php?route=account/account
VQMod::_getMods - NO XML FILES READABLE IN XML FOLDER
----------------------------------------------------------------------


---------- Date: 2018-09-07 11:47:13 ~ IP : 171.61.197.235 ----------
REQUEST URI : /index.php?route=journal2/assets/css
VQMod::_getMods - NO XML FILES READABLE IN XML FOLDER
----------------------------------------------------------------------


---------- Date: 2018-09-07 11:47:13 ~ IP : 171.61.197.235 ----------
REQUEST URI : /index.php?route=journal2/assets/js
VQMod::_getMods - NO XML FILES READABLE IN XML FOLDER
----------------------------------------------------------------------


---------- Date: 2018-09-07 11:47:26 ~ IP : 171.61.197.235 ----------
REQUEST URI : /index.php?route=account/edit
VQMod::_getMods - NO XML FILES READABLE IN XML FOLDER
----------------------------------------------------------------------


---------- Date: 2018-09-07 11:47:27 ~ IP : 171.61.197.235 ----------
REQUEST URI : /index.php?route=journal2/assets/css
VQMod::_getMods - NO XML FILES READABLE IN XML FOLDER
----------------------------------------------------------------------


---------- Date: 2018-09-07 11:47:27 ~ IP : 171.61.197.235 ----------
REQUEST URI : /index.php?route=journal2/assets/js
VQMod::_getMods - NO XML FILES READABLE IN XML FOLDER
----------------------------------------------------------------------


---------- Date: 2018-09-07 12:02:31 ~ IP : 171.61.197.235 ----------
REQUEST URI : /admin/index.php?route=module/journal2/clear_cache&user_token=3k0lD8MpTUgpLi4h5hANGYrNTv0cu3OL
MOD DETAILS:
   modFile   : /var/www/vhosts/hpsale.co.uk/opencart.hpsale.co.uk/vqmod/xml/vqmod_homepage.xml
   id        : My Vq Mod Title
   version   : 1.4.x and 1.5.x
   vqmver    : 1.0.8
   author    : You the author
VQModObject::parseMods - Could not resolve path for [view/template/customer/customer_form.twig] (SKIPPED)

----------------------------------------------------------------------


